<?xml version="1.0" encoding="UTF-8"?>
<testng-results ignored="0" total="1" passed="1" failed="0" skipped="0">
  <reporter-output>
  </reporter-output>
  <suite started-at="2022-07-16T12:30:11 GMT+05:00" name="Surefire suite" finished-at="2022-07-16T12:30:22 GMT+05:00" duration-ms="10928">
    <groups>
    </groups>
    <test started-at="2022-07-16T12:30:11 GMT+05:00" name="Surefire test" finished-at="2022-07-16T12:30:22 GMT+05:00" duration-ms="10928">
      <class name="com.google.TestSimple">
        <test-method is-config="true" signature="setUp()[pri:0, instance:com.google.TestSimple@6ce139a4]" started-at="2022-07-16T12:30:11 GMT+05:00" name="setUp" finished-at="2022-07-16T12:30:14 GMT+05:00" duration-ms="2140" status="PASS">
          <reporter-output>
          </reporter-output>
        </test-method> <!-- setUp -->
        <test-method signature="simpleTest()[pri:0, instance:com.google.TestSimple@6ce139a4]" started-at="2022-07-16T12:30:14 GMT+05:00" name="simpleTest" finished-at="2022-07-16T12:30:17 GMT+05:00" duration-ms="3221" status="PASS">
          <reporter-output>
          </reporter-output>
        </test-method> <!-- simpleTest -->
        <test-method is-config="true" signature="tearDown()[pri:0, instance:com.google.TestSimple@6ce139a4]" started-at="2022-07-16T12:30:17 GMT+05:00" name="tearDown" finished-at="2022-07-16T12:30:22 GMT+05:00" duration-ms="5547" status="PASS">
          <reporter-output>
          </reporter-output>
        </test-method> <!-- tearDown -->
      </class> <!-- com.google.TestSimple -->
    </test> <!-- Surefire test -->
  </suite> <!-- Surefire suite -->
</testng-results>
